<?xml version="1.0" encoding="UTF-8"?>
<!-- Generated by org.testng.reporters.JUnitReportReporter -->
<testsuite hostname="LAPTOP-P6ESQ0G5" failures="0" tests="1" name="testng.p3" time="0.006" errors="0" timestamp="2023-04-04T14:39:02 IST" skipped="0">
  <testcase classname="testng.p3" name="add" time="0.006"/>
  <system-out/>
</testsuite> <!-- testng.p3 -->
