<?xml version="1.0" encoding="UTF-8"?>
<!-- Generated by org.testng.reporters.JUnitReportReporter -->
<testsuite hostname="LAPTOP-P6ESQ0G5" failures="0" tests="2" name="testng.p4" time="0.007" errors="0" timestamp="2023-04-04T14:42:57 IST" skipped="0">
  <testcase classname="testng.p4" name="mul" time="0.001"/>
  <system-out/>
  <testcase classname="testng.p4" name="add" time="0.006"/>
  <system-out/>
</testsuite> <!-- testng.p4 -->
