<?xml version="1.0" encoding="UTF-8"?>
<!-- Generated by org.testng.reporters.JUnitReportReporter -->
<testsuite hostname="LAPTOP-P6ESQ0G5" failures="0" tests="2" name="testng.p1" time="0.012" errors="0" timestamp="2023-04-04T14:45:16 IST" skipped="0">
  <testcase classname="testng.p1" name="sub" time="0.001"/>
  <system-out/>
  <testcase classname="testng.p1" name="add" time="0.011"/>
  <system-out/>
</testsuite> <!-- testng.p1 -->
